2020-09-28 14:31:55,283|INFO|                   logUtils.py|                                init_log|  48| init logger success!
2020-09-28 14:31:56,565|INFO|                  pipelines.py|                            process_item|  38| success index crawl data from https://vnexpress.net/mourinho-cam-dia-tottenham-dac-biet-nhat-4168088.html
2020-09-28 14:31:56,753|INFO|                  pipelines.py|                            process_item|  38| success index crawl data from https://vnexpress.net/doi-cua-guardiola-lan-dau-thua-nam-ban-4168176.html
2020-09-28 14:31:56,938|INFO|                  pipelines.py|                            process_item|  38| success index crawl data from https://vnexpress.net/suarez-lap-cu-dup-ngay-tran-ra-mat-atletico-4168067.html
2020-09-28 14:31:57,032|INFO|                  pipelines.py|                            process_item|  38| success index crawl data from https://vnexpress.net/barca-dai-thang-tran-ra-quan-la-liga-4168074.html
2020-09-28 14:31:57,110|INFO|                  pipelines.py|                            process_item|  38| success index crawl data from https://vnexpress.net/bottas-ve-nhat-grand-prix-nga-4168060.html
2020-09-28 14:31:57,220|INFO|                  pipelines.py|                            process_item|  38| success index crawl data from https://vnexpress.net/vardy-lap-ky-luc-tai-ngoai-hang-anh-4168139.html
2020-09-28 14:31:57,405|INFO|                  pipelines.py|                            process_item|  38| success index crawl data from https://vnexpress.net/koeman-barca-co-the-choi-khong-can-so-9-4168075.html
2020-09-28 14:31:57,467|INFO|                  pipelines.py|                            process_item|  38| success index crawl data from https://vnexpress.net/man-city-thua-nguoc-leicester-4168064.html
2020-09-28 14:31:57,608|INFO|                  pipelines.py|                            process_item|  38| success index crawl data from https://vnexpress.net/bayern-thua-tran-dau-tien-trong-nam-2020-4168043.html
2020-09-28 14:31:57,683|INFO|                  pipelines.py|                            process_item|  38| success index crawl data from https://vnexpress.net/ronaldo-lap-cu-dup-truoc-roma-4168076.html
2020-09-28 14:31:57,750|INFO|                  pipelines.py|                            process_item|  38| success index crawl data from https://vnexpress.net/man-city-mua-trung-ve-gia-79-trieu-usd-4168131.html
2020-09-28 14:31:57,874|INFO|                  pipelines.py|                            process_item|  38| success index crawl data from https://vnexpress.net/leeds-thang-tran-thu-hai-lien-tiep-4168035.html
2020-09-28 14:31:57,973|INFO|                  pipelines.py|                            process_item|  38| success index crawl data from https://vnexpress.net/tottenham-chia-diem-phut-chot-vi-var-4168042.html
2020-09-28 14:31:58,066|INFO|                  pipelines.py|                            process_item|  38| success index crawl data from https://vnexpress.net/suarez-mot-mai-qua-con-me-4167217.html
2020-09-28 14:31:58,158|INFO|                  pipelines.py|                            process_item|  38| success index crawl data from https://vnexpress.net/khan-gia-vip-o-irish-open-4167930.html
2020-09-28 14:31:58,205|INFO|                  pipelines.py|                            process_item|  38| success index crawl data from https://vnexpress.net/slna-vo-dich-u17-quoc-gia-4168023.html
2020-09-28 14:31:58,304|INFO|                  pipelines.py|                            process_item|  38| success index crawl data from https://vnexpress.net/hamilton-suyt-bi-loai-o-grand-prix-nga-4167921.html
2020-09-28 14:31:58,351|INFO|                  pipelines.py|                            process_item|  38| success index crawl data from https://vnexpress.net/guardiola-hoi-han-khi-man-city-tan-cong-qua-nhieu-4168091.html
2020-09-28 14:31:58,396|INFO|                  pipelines.py|                            process_item|  38| success index crawl data from https://vnexpress.net/solskjaer-man-utd-da-te-vi-loi-he-thong-4167893.html
2020-09-28 14:31:58,427|INFO|                  pipelines.py|                            process_item|  38| success index crawl data from https://vnexpress.net/quang-liem-thua-wesley-so-4167855.html
2020-09-28 14:31:58,484|INFO|                  pipelines.py|                            process_item|  38| success index crawl data from https://vnexpress.net/koeman-toi-nhu-ke-xau-trong-vu-suarez-4167859.html
2020-09-28 14:31:58,562|INFO|                  pipelines.py|                            process_item|  38| success index crawl data from https://vnexpress.net/man-city-thua-nguoc-leicester-4168064.html
2020-09-28 14:31:58,650|INFO|                  pipelines.py|                            process_item|  38| success index crawl data from https://vnexpress.net/suarez-lap-cu-dup-ngay-tran-ra-mat-atletico-4168067.html
2020-09-28 14:31:58,743|INFO|                  pipelines.py|                            process_item|  38| success index crawl data from https://vnexpress.net/bottas-ve-nhat-grand-prix-nga-4168060.html
2020-09-28 14:31:59,146|INFO|                  pipelines.py|                            process_item|  38| success index crawl data from https://vnexpress.net/doi-cua-guardiola-lan-dau-thua-nam-ban-4168176.html
2020-09-28 14:31:59,343|INFO|                  pipelines.py|                            process_item|  38| success index crawl data from https://vnexpress.net/man-city-mua-trung-ve-gia-79-trieu-usd-4168131.html
2020-09-28 14:31:59,390|INFO|                  pipelines.py|                            process_item|  38| success index crawl data from https://vnexpress.net/vardy-lap-ky-luc-tai-ngoai-hang-anh-4168139.html
2020-09-28 14:31:59,450|INFO|                  pipelines.py|                            process_item|  38| success index crawl data from https://vnexpress.net/guardiola-hoi-han-khi-man-city-tan-cong-qua-nhieu-4168091.html
2020-09-28 14:31:59,582|INFO|                  pipelines.py|                            process_item|  38| success index crawl data from https://vnexpress.net/bayern-thua-tran-dau-tien-trong-nam-2020-4168043.html
2020-09-28 14:31:59,642|INFO|                  pipelines.py|                            process_item|  38| success index crawl data from https://vnexpress.net/tottenham-chia-diem-phut-chot-vi-var-4168042.html
2020-09-28 14:31:59,780|INFO|                  pipelines.py|                            process_item|  38| success index crawl data from https://vnexpress.net/leeds-thang-tran-thu-hai-lien-tiep-4168035.html
2020-09-28 14:31:59,865|INFO|                  pipelines.py|                            process_item|  38| success index crawl data from https://vnexpress.net/slna-vo-dich-u17-quoc-gia-4168023.html
2020-09-28 14:31:59,941|INFO|                  pipelines.py|                            process_item|  38| success index crawl data from https://vnexpress.net/suarez-mot-mai-qua-con-me-4167217.html
2020-09-28 14:32:00,200|INFO|                  pipelines.py|                            process_item|  38| success index crawl data from https://vnexpress.net/khan-gia-vip-o-irish-open-4167930.html
2020-09-28 14:32:00,325|INFO|                  pipelines.py|                            process_item|  38| success index crawl data from https://vnexpress.net/hamilton-suyt-bi-loai-o-grand-prix-nga-4167921.html
2020-09-28 14:32:00,376|INFO|                  pipelines.py|                            process_item|  38| success index crawl data from https://vnexpress.net/solskjaer-man-utd-da-te-vi-loi-he-thong-4167893.html
2020-09-28 14:32:00,408|INFO|                  pipelines.py|                            process_item|  38| success index crawl data from https://vnexpress.net/koeman-toi-nhu-ke-xau-trong-vu-suarez-4167859.html
2020-09-28 14:32:00,486|INFO|                  pipelines.py|                            process_item|  38| success index crawl data from https://vnexpress.net/quang-liem-thua-wesley-so-4167855.html
2020-09-28 14:32:00,537|INFO|                  pipelines.py|                            process_item|  38| success index crawl data from https://vnexpress.net/nhung-dieu-can-biet-khi-du-hoc-my-4168006.html
2020-09-28 14:32:00,702|INFO|                  pipelines.py|                            process_item|  38| success index crawl data from https://vnexpress.net/hoc-sinh-lop-10-gianh-huy-chuong-vang-olympic-toan-quoc-te-4168050.html
2020-09-28 14:32:00,796|INFO|                  pipelines.py|                            process_item|  38| success index crawl data from https://vnexpress.net/bon-cach-de-lang-nghe-con-tot-nhat-4167763.html
2020-09-28 14:32:00,878|INFO|                  pipelines.py|                            process_item|  38| success index crawl data from https://vnexpress.net/hoc-sinh-lop-8-roi-tu-tang-hai-xuong-dat-4167705.html
2020-09-28 14:32:00,925|INFO|                  pipelines.py|                            process_item|  38| success index crawl data from https://vnexpress.net/quy-mo-sinh-vien-cua-10-dai-hoc-tot-nhat-the-gioi-4167669.html
2020-09-28 14:32:01,098|INFO|                  pipelines.py|                            process_item|  38| success index crawl data from https://vnexpress.net/lam-the-nao-nuoi-day-tre-song-ngu-4167613.html
2020-09-28 14:32:01,176|INFO|                  pipelines.py|                            process_item|  38| success index crawl data from https://vnexpress.net/the-duc-tri-nao-voi-nam-cau-do-4167679.html
2020-09-28 14:32:01,223|INFO|                  pipelines.py|                            process_item|  38| success index crawl data from https://vnexpress.net/thu-khoa-ky-thi-dai-hoc-o-afghanistan-4167751.html
2020-09-28 14:32:01,301|INFO|                  pipelines.py|                            process_item|  38| success index crawl data from https://vnexpress.net/nam-hoc-moi-con-nhieu-kho-khan-cua-hoc-sinh-vung-cao-4166844.html
2020-09-28 14:32:01,379|INFO|                  pipelines.py|                            process_item|  38| success index crawl data from https://vnexpress.net/lam-gi-khi-tre-gian-du-4167381.html
2020-09-28 14:32:01,473|INFO|                  pipelines.py|                            process_item|  38| success index crawl data from https://vnexpress.net/hang-tram-tre-hoc-o-hoi-truong-thon-4167148.html
2020-09-28 14:32:01,520|INFO|                  pipelines.py|                            process_item|  38| success index crawl data from https://vnexpress.net/my-xem-xet-gioi-han-visa-2-nam-voi-du-hoc-sinh-4167233.html
2020-09-28 14:32:01,614|INFO|                  pipelines.py|                            process_item|  38| success index crawl data from https://vnexpress.net/hoc-sinh-12-tuoi-lap-ky-luc-tang-bong-nghe-thuat-4167186.html
2020-09-28 14:32:01,661|INFO|                  pipelines.py|                            process_item|  38| success index crawl data from https://vnexpress.net/da-den-luc-phai-cho-hoc-sinh-dung-dien-thoai-tren-lop-4166997.html
2020-09-28 14:32:01,739|INFO|                  pipelines.py|                            process_item|  38| success index crawl data from https://vnexpress.net/bon-cau-do-toan-hoc-4167440.html
2020-09-28 14:32:01,770|INFO|                  pipelines.py|                            process_item|  38| success index crawl data from https://vnexpress.net/dh-kinh-te-tp-hcm-co-hieu-truong-moi-4166681.html
2020-09-28 14:32:01,895|INFO|                  pipelines.py|                            process_item|  38| success index crawl data from https://vnexpress.net/tre-mam-non-hoc-giao-thong-qua-phim-hoat-hinh-4166257.html
2020-09-28 14:32:02,030|INFO|                  pipelines.py|                            process_item|  38| success index crawl data from https://vnexpress.net/nhieu-suat-hoc-chuong-trinh-du-hoc-tai-cho-lien-ket-quoc-te-4166458.html
2020-09-28 14:32:02,114|INFO|                  pipelines.py|                            process_item|  38| success index crawl data from https://vnexpress.net/dai-hoc-australia-lo-pha-san-4166686.html
2020-09-28 14:32:02,177|INFO|                  pipelines.py|                            process_item|  38| success index crawl data from https://vnexpress.net/no-luc-cua-cac-truong-tai-hoang-su-phi-trong-nam-hoc-moi-4166818.html
2020-09-28 14:32:02,286|INFO|                  pipelines.py|                            process_item|  38| success index crawl data from https://vnexpress.net/tai-sao-danh-con-la-sai-lam-4166480.html
2020-09-28 14:32:02,520|INFO|                  pipelines.py|                            process_item|  38| success index crawl data from https://vnexpress.net/viet-nam-gianh-huy-chuong-vang-olympic-tin-hoc-quoc-te-4166417.html
2020-09-28 14:32:02,738|INFO|                  pipelines.py|                            process_item|  38| success index crawl data from https://vnexpress.net/tim-diem-bat-hop-ly-trong-tranh-4166872.html
2020-09-28 14:32:02,894|INFO|                  pipelines.py|                            process_item|  38| success index crawl data from https://vnexpress.net/hoc-gi-de-tro-thanh-giao-vien-tieng-anh-4166875.html
2020-09-28 14:32:03,087|INFO|                  pipelines.py|                            process_item|  38| success index crawl data from https://vnexpress.net/trung-quoc-keu-goi-bao-ve-hoc-sinh-truoc-cac-vu-tan-cong-4166789.html
2020-09-28 14:32:03,232|INFO|                  pipelines.py|                            process_item|  38| success index crawl data from https://vnexpress.net/giu-on-dinh-ky-thi-tot-nghiep-thpt-2021-4166372.html
2020-09-28 14:32:03,288|INFO|                  pipelines.py|                            process_item|  38| success index crawl data from https://vnexpress.net/bon-cach-de-lang-nghe-con-tot-nhat-4167763.html
2020-09-28 14:32:03,398|INFO|                  pipelines.py|                            process_item|  38| success index crawl data from https://vnexpress.net/hoc-sinh-lop-8-roi-tu-tang-hai-xuong-dat-4167705.html
2020-09-28 14:32:03,491|INFO|                  pipelines.py|                            process_item|  38| success index crawl data from https://vnexpress.net/quy-mo-sinh-vien-cua-10-dai-hoc-tot-nhat-the-gioi-4167669.html
2020-09-28 14:32:03,623|INFO|                  pipelines.py|                            process_item|  38| success index crawl data from https://vnexpress.net/lam-the-nao-nuoi-day-tre-song-ngu-4167613.html
2020-09-28 14:32:03,692|INFO|                  pipelines.py|                            process_item|  38| success index crawl data from https://vnexpress.net/the-duc-tri-nao-voi-nam-cau-do-4167679.html
2020-09-28 14:32:03,707|INFO|                  pipelines.py|                            process_item|  38| success index crawl data from https://vnexpress.net/thu-khoa-ky-thi-dai-hoc-o-afghanistan-4167751.html
2020-09-28 14:32:03,786|INFO|                  pipelines.py|                            process_item|  38| success index crawl data from https://vnexpress.net/nam-hoc-moi-con-nhieu-kho-khan-cua-hoc-sinh-vung-cao-4166844.html
2020-09-28 14:32:03,911|INFO|                  pipelines.py|                            process_item|  38| success index crawl data from https://vnexpress.net/hang-tram-tre-hoc-o-hoi-truong-thon-4167148.html
2020-09-28 14:32:03,957|INFO|                  pipelines.py|                            process_item|  38| success index crawl data from https://vnexpress.net/lam-gi-khi-tre-gian-du-4167381.html
2020-09-28 14:32:04,068|INFO|                  pipelines.py|                            process_item|  38| success index crawl data from https://vnexpress.net/my-xem-xet-gioi-han-visa-2-nam-voi-du-hoc-sinh-4167233.html
2020-09-28 14:32:04,115|INFO|                  pipelines.py|                            process_item|  38| success index crawl data from https://vnexpress.net/hoc-sinh-12-tuoi-lap-ky-luc-tang-bong-nghe-thuat-4167186.html
2020-09-28 14:32:04,178|INFO|                  pipelines.py|                            process_item|  38| success index crawl data from https://vnexpress.net/dh-kinh-te-tp-hcm-co-hieu-truong-moi-4166681.html
2020-09-28 14:32:04,225|INFO|                  pipelines.py|                            process_item|  38| success index crawl data from https://vnexpress.net/da-den-luc-phai-cho-hoc-sinh-dung-dien-thoai-tren-lop-4166997.html
2020-09-28 14:32:04,348|INFO|                  pipelines.py|                            process_item|  38| success index crawl data from https://vnexpress.net/bon-cau-do-toan-hoc-4167440.html
2020-09-28 14:32:04,521|INFO|                  pipelines.py|                            process_item|  38| success index crawl data from https://vnexpress.net/sua-hoc-duong-giup-phu-huynh-tiet-kiem-chi-phi-4166312.html
2020-09-28 14:32:04,617|INFO|                  pipelines.py|                            process_item|  38| success index crawl data from https://vnexpress.net/tre-mam-non-hoc-giao-thong-qua-phim-hoat-hinh-4166257.html
2020-09-28 14:32:04,664|INFO|                  pipelines.py|                            process_item|  38| success index crawl data from https://vnexpress.net/nhieu-suat-hoc-chuong-trinh-du-hoc-tai-cho-lien-ket-quoc-te-4166458.html
2020-09-28 14:32:04,695|INFO|                  pipelines.py|                            process_item|  38| success index crawl data from https://vnexpress.net/no-luc-cua-cac-truong-tai-hoang-su-phi-trong-nam-hoc-moi-4166818.html
2020-09-28 14:32:04,774|INFO|                  pipelines.py|                            process_item|  38| success index crawl data from https://vnexpress.net/dai-hoc-australia-lo-pha-san-4166686.html
2020-09-28 14:32:04,805|INFO|                  pipelines.py|                            process_item|  38| success index crawl data from https://vnexpress.net/tai-sao-danh-con-la-sai-lam-4166480.html
2020-09-28 14:32:04,883|INFO|                  pipelines.py|                            process_item|  38| success index crawl data from https://vnexpress.net/viet-nam-gianh-huy-chuong-vang-olympic-tin-hoc-quoc-te-4166417.html
2020-09-28 14:32:05,012|INFO|                  pipelines.py|                            process_item|  38| success index crawl data from https://vnexpress.net/tim-diem-bat-hop-ly-trong-tranh-4166872.html
2020-09-28 14:32:05,093|INFO|                  pipelines.py|                            process_item|  38| success index crawl data from https://vnexpress.net/hoc-gi-de-tro-thanh-giao-vien-tieng-anh-4166875.html
2020-09-28 14:32:05,156|INFO|                  pipelines.py|                            process_item|  38| success index crawl data from https://vnexpress.net/trung-quoc-keu-goi-bao-ve-hoc-sinh-truoc-cac-vu-tan-cong-4166789.html
2020-09-28 14:32:05,202|INFO|                  pipelines.py|                            process_item|  38| success index crawl data from https://vnexpress.net/sua-hoc-duong-giup-phu-huynh-tiet-kiem-chi-phi-4166312.html
2020-09-28 14:32:05,265|INFO|                  pipelines.py|                            process_item|  38| success index crawl data from https://vnexpress.net/giu-on-dinh-ky-thi-tot-nghiep-thpt-2021-4166372.html
2020-09-28 14:32:05,389|INFO|                  pipelines.py|                            process_item|  38| success index crawl data from https://vnexpress.net/cuoc-hen-ho-cuoi-cung-cua-nguoi-dan-ba-si-tinh-4167795.html
2020-09-28 14:32:05,436|INFO|                  pipelines.py|                            process_item|  38| success index crawl data from https://vnexpress.net/giet-vo-vi-nghi-ngoai-tinh-4167892.html
2020-09-28 14:32:05,561|INFO|                  pipelines.py|                            process_item|  38| success index crawl data from https://vnexpress.net/hoan-xet-xu-nhom-ban-tre-so-sinh-gia-50-170-trieu-dong-4167684.html
2020-09-28 14:32:05,606|INFO|                  pipelines.py|                            process_item|  38| success index crawl data from https://vnexpress.net/cach-canh-sat-my-trien-khai-doi-hinh-tran-ap-nguoi-gay-roi-4167344.html
2020-09-28 14:32:05,653|INFO|                  pipelines.py|                            process_item|  38| success index crawl data from https://vnexpress.net/toi-pham-my-phai-dong-thue-tren-thu-nhap-bat-chinh-4167449.html
2020-09-28 14:32:05,731|INFO|                  pipelines.py|                            process_item|  38| success index crawl data from https://vnexpress.net/gian-lan-khi-bom-xang-bi-phat-the-nao-4166677.html
2020-09-28 14:32:05,778|INFO|                  pipelines.py|                            process_item|  38| success index crawl data from https://vnexpress.net/song-bac-200-nguoi-o-sai-gon-hoat-dong-the-nao-4167765.html
2020-09-28 14:32:05,856|INFO|                  pipelines.py|                            process_item|  38| success index crawl data from https://vnexpress.net/lua-dao-tien-mua-kim-cuong-trong-game-4167720.html
2020-09-28 14:32:05,888|INFO|                  pipelines.py|                            process_item|  38| success index crawl data from https://vnexpress.net/tu-hinh-ke-giet-cha-vo-4167711.html
2020-09-28 14:32:05,950|INFO|                  pipelines.py|                            process_item|  38| success index crawl data from https://vnexpress.net/canh-sat-anh-bi-nghi-pham-ban-chet-trong-don-4167701.html
2020-09-28 14:32:06,149|INFO|                  pipelines.py|                            process_item|  38| success index crawl data from https://vnexpress.net/gan-100-nam-nu-phe-ma-tuy-trong-quan-karaoke-4167676.html
2020-09-28 14:32:06,180|INFO|                  pipelines.py|                            process_item|  38| success index crawl data from https://vnexpress.net/trong-hon-300-cay-can-sa-giua-vuon-cam-4167587.html
2020-09-28 14:32:06,258|INFO|                  pipelines.py|                            process_item|  38| success index crawl data from https://vnexpress.net/chu-tich-cong-ty-hoa-thang-nam-khang-cao-keu-oan-4167408.html
2020-09-28 14:32:06,304|INFO|                  pipelines.py|                            process_item|  38| success index crawl data from https://vnexpress.net/dap-pha-xe-may-cua-nguoi-can-ngan-4167483.html
2020-09-28 14:32:06,335|INFO|                  pipelines.py|                            process_item|  38| success index crawl data from https://vnexpress.net/chu-quan-bat-khach-quy-xin-loi-duoc-nan-nhan-xin-giam-an-4167571.html
2020-09-28 14:32:06,367|INFO|                  pipelines.py|                            process_item|  38| success index crawl data from https://vnexpress.net/phat-hien-thi-the-nu-giao-vien-mat-tich-4167463.html
2020-09-28 14:32:06,398|INFO|                  pipelines.py|                            process_item|  38| success index crawl data from https://vnexpress.net/200-nguoi-danh-bac-o-sai-gon-bi-vay-bat-4167460.html
2020-09-28 14:32:06,438|INFO|                  pipelines.py|                            process_item|  38| success index crawl data from https://vnexpress.net/nguyen-giam-doc-benh-vien-bach-mai-bi-bat-4167456.html
2020-09-28 14:32:06,485|INFO|                  pipelines.py|                            process_item|  38| success index crawl data from https://vnexpress.net/cuu-giam-doc-imex-tra-vinh-bi-de-nghi-30-nam-tu-4167433.html
2020-09-28 14:32:06,610|INFO|                  pipelines.py|                            process_item|  38| success index crawl data from https://vnexpress.net/thanh-nien-van-chuyen-hong-phien-bi-phat-tu-hinh-4167326.html
2020-09-28 14:32:06,657|INFO|                  pipelines.py|                            process_item|  38| success index crawl data from https://vnexpress.net/toi-pham-my-phai-dong-thue-tren-thu-nhap-bat-chinh-4167449.html
2020-09-28 14:32:06,733|INFO|                  pipelines.py|                            process_item|  38| success index crawl data from https://vnexpress.net/gian-lan-khi-bom-xang-bi-phat-the-nao-4166677.html
2020-09-28 14:32:06,764|INFO|                  pipelines.py|                            process_item|  38| success index crawl data from https://vnexpress.net/song-bac-200-nguoi-o-sai-gon-hoat-dong-the-nao-4167765.html
2020-09-28 14:32:06,796|INFO|                  pipelines.py|                            process_item|  38| success index crawl data from https://vnexpress.net/lua-dao-tien-mua-kim-cuong-trong-game-4167720.html
2020-09-28 14:32:06,889|INFO|                  pipelines.py|                            process_item|  38| success index crawl data from https://vnexpress.net/tu-hinh-ke-giet-cha-vo-4167711.html
2020-09-28 14:32:06,938|INFO|                  pipelines.py|                            process_item|  38| success index crawl data from https://vnexpress.net/canh-sat-anh-bi-nghi-pham-ban-chet-trong-don-4167701.html
2020-09-28 14:32:06,969|INFO|                  pipelines.py|                            process_item|  38| success index crawl data from https://vnexpress.net/gan-100-nam-nu-phe-ma-tuy-trong-quan-karaoke-4167676.html
2020-09-28 14:32:07,016|INFO|                  pipelines.py|                            process_item|  38| success index crawl data from https://vnexpress.net/trong-hon-300-cay-can-sa-giua-vuon-cam-4167587.html
2020-09-28 14:32:07,072|INFO|                  pipelines.py|                            process_item|  38| success index crawl data from https://vnexpress.net/chu-tich-cong-ty-hoa-thang-nam-khang-cao-keu-oan-4167408.html
2020-09-28 14:32:07,127|INFO|                  pipelines.py|                            process_item|  38| success index crawl data from https://vnexpress.net/chu-quan-bat-khach-quy-xin-loi-duoc-nan-nhan-xin-giam-an-4167571.html
2020-09-28 14:32:07,158|INFO|                  pipelines.py|                            process_item|  38| success index crawl data from https://vnexpress.net/dap-pha-xe-may-cua-nguoi-can-ngan-4167483.html
2020-09-28 14:32:07,189|INFO|                  pipelines.py|                            process_item|  38| success index crawl data from https://vnexpress.net/phat-hien-thi-the-nu-giao-vien-mat-tich-4167463.html
2020-09-28 14:32:07,271|INFO|                  pipelines.py|                            process_item|  38| success index crawl data from https://vnexpress.net/200-nguoi-danh-bac-o-sai-gon-bi-vay-bat-4167460.html
2020-09-28 14:32:07,380|INFO|                  pipelines.py|                            process_item|  38| success index crawl data from https://vnexpress.net/nguyen-giam-doc-benh-vien-bach-mai-bi-bat-4167456.html
2020-09-28 14:32:07,498|INFO|                  pipelines.py|                            process_item|  38| success index crawl data from https://vnexpress.net/cuu-giam-doc-imex-tra-vinh-bi-de-nghi-30-nam-tu-4167433.html
2020-09-28 14:32:07,592|INFO|                  pipelines.py|                            process_item|  38| success index crawl data from https://vnexpress.net/thanh-nien-van-chuyen-hong-phien-bi-phat-tu-hinh-4167326.html
2020-09-28 14:32:07,623|INFO|                  pipelines.py|                            process_item|  38| success index crawl data from https://vnexpress.net/lieu-huawei-se-thach-thuc-tesla-4167951.html
2020-09-28 14:32:07,671|INFO|                  pipelines.py|                            process_item|  38| success index crawl data from https://vnexpress.net/becamex-vsip-trien-khai-khu-cong-nghiep-hon-5-000-ty-tai-binh-dinh-4165405.html
2020-09-28 14:32:07,733|INFO|                  pipelines.py|                            process_item|  38| success index crawl data from https://vnexpress.net/ngan-hang-dua-lam-dinh-danh-dien-tu-4167639.html
2020-09-28 14:32:07,767|INFO|                  pipelines.py|                            process_item|  38| success index crawl data from https://vnexpress.net/7-chien-luoc-de-ra-quyet-dinh-nhom-tot-hon-4168062.html
2020-09-28 14:32:07,798|INFO|                  pipelines.py|                            process_item|  38| success index crawl data from https://vnexpress.net/ly-do-nhieu-ty-phu-my-cang-giau-them-nho-covid-19-4167826.html
2020-09-28 14:32:07,970|INFO|                  pipelines.py|                            process_item|  38| success index crawl data from https://vnexpress.net/gia-thue-van-phong-cao-nhat-66-usd-moi-m2-4167947.html
2020-09-28 14:32:08,001|INFO|                  pipelines.py|                            process_item|  38| success index crawl data from https://vnexpress.net/my-co-the-trung-phat-hang-san-xuat-chip-lon-nhat-trung-quoc-4167846.html
2020-09-28 14:32:08,058|INFO|                  pipelines.py|                            process_item|  38| success index crawl data from https://vnexpress.net/fan-bts-dua-nhau-mua-co-phieu-ung-ho-than-tuong-4167885.html
2020-09-28 14:32:08,115|INFO|                  pipelines.py|                            process_item|  38| success index crawl data from https://vnexpress.net/ong-nguyen-duc-chi-se-roi-ghe-chu-tich-hoi-dong-thanh-vien-scic-4167850.html
2020-09-28 14:32:08,178|INFO|                  pipelines.py|                            process_item|  38| success index crawl data from https://vnexpress.net/nu-doc-than-lam-gi-voi-so-von-mot-ty-dong-4167849.html
2020-09-28 14:32:08,209|INFO|                  pipelines.py|                            process_item|  38| success index crawl data from https://vnexpress.net/cach-cua-hang-giay-128-tuoi-ton-tai-trong-dai-dich-4167636.html
2020-09-28 14:32:08,296|INFO|                  pipelines.py|                            process_item|  38| success index crawl data from https://vnexpress.net/bo-truong-nguyen-manh-hung-muon-so-hoa-ngan-hang-phai-bot-ngai-doi-thu-4167778.html
2020-09-28 14:32:08,343|INFO|                  pipelines.py|                            process_item|  38| success index crawl data from https://vnexpress.net/xuat-khau-muc-bach-tuoc-hoi-phuc-o-nhieu-thi-truong-chinh-4167838.html
2020-09-28 14:32:08,411|INFO|                  pipelines.py|                            process_item|  38| success index crawl data from https://vnexpress.net/starbucks-kinh-doanh-nhu-the-nao-4167542.html
2020-09-28 14:32:08,441|INFO|                  pipelines.py|                            process_item|  38| success index crawl data from https://vnexpress.net/cang-10-000-ty-dong-tai-long-an-di-vao-hoat-dong-4167719.html
2020-09-28 14:32:08,472|INFO|                  pipelines.py|                            process_item|  38| success index crawl data from https://vnexpress.net/giam-gia-dau-va-xang-e5-ron92-4167702.html
2020-09-28 14:32:08,553|INFO|                  pipelines.py|                            process_item|  38| success index crawl data from https://vnexpress.net/3-500-cong-ty-my-kien-chinh-quyen-trump-4167617.html
2020-09-28 14:32:08,646|INFO|                  pipelines.py|                            process_item|  38| success index crawl data from https://vnexpress.net/kiem-trieu-usd-tu-ung-dung-tim-nhan-tai-kieu-grab-4166572.html
2020-09-28 14:32:08,727|INFO|                  pipelines.py|                            process_item|  38| success index crawl data from https://vnexpress.net/5-bi-quyet-tieu-tien-cua-ty-phu-mark-cuban-4167447.html
2020-09-28 14:32:08,930|INFO|                  pipelines.py|                            process_item|  38| success index crawl data from https://vnexpress.net/pho-wall-co-chuoi-giam-diem-tuan-dai-nhat-hon-mot-nam-4167561.html
2020-09-28 14:32:08,962|INFO|                  pipelines.py|                            process_item|  38| success index crawl data from https://vnexpress.net/50-cay-vang-co-the-dau-tu-gi-luc-nay-4167555.html
2020-09-28 14:32:09,040|INFO|                  pipelines.py|                            process_item|  38| success index crawl data from https://vnexpress.net/chung-khoan-viet-nam-duoc-dinh-gia-thap-4167185.html
2020-09-28 14:32:09,080|INFO|                  pipelines.py|                            process_item|  38| success index crawl data from https://vnexpress.net/lao-nong-4-0-bay-cach-vuot-khung-hoang-4166883.html
2020-09-28 14:32:09,128|INFO|                  pipelines.py|                            process_item|  38| success index crawl data from https://vnexpress.net/vinamilk-ra-mat-sua-tuoi-tiet-trung-chua-to-yen-4166220.html
2020-09-28 14:32:09,191|INFO|                  pipelines.py|                            process_item|  38| success index crawl data from https://vnexpress.net/viet-nam-phai-canh-tranh-thu-hut-fdi-voi-cac-nuoc-4167377.html
2020-09-28 14:32:09,224|INFO|                  pipelines.py|                            process_item|  38| success index crawl data from https://vnexpress.net/bong-dung-mac-no-ngan-hang-du-khong-vay-von-4166359.html
2020-09-28 14:32:09,256|INFO|                  pipelines.py|                            process_item|  38| success index crawl data from https://vnexpress.net/gia-xang-ngay-mai-co-the-giam-tiep-4167106.html
2020-09-28 14:32:09,318|INFO|                  pipelines.py|                            process_item|  38| success index crawl data from https://vnexpress.net/doanh-nghiep-xuat-khau-sang-chau-my-chua-tan-dung-het-cac-fta-4167024.html
2020-09-28 14:32:09,391|INFO|                  pipelines.py|                            process_item|  38| success index crawl data from https://vnexpress.net/my-co-the-lap-lai-sai-lam-trong-khung-hoang-2009-4167117.html
2020-09-28 14:32:09,484|INFO|                  pipelines.py|                            process_item|  38| success index crawl data from https://vnexpress.net/giao-dich-dot-bien-tai-co-phieu-sacombank-4167366.html
2020-09-28 14:32:09,562|INFO|                  pipelines.py|                            process_item|  38| success index crawl data from https://vnexpress.net/gia-xang-dau-bien-dong-ra-sao-khi-thay-doi-cach-tinh-4166582.html
2020-09-28 14:32:09,625|INFO|                  pipelines.py|                            process_item|  38| success index crawl data from https://vnexpress.net/8-12-khu-cong-nghiep-hai-phong-khong-co-quyet-dinh-thanh-lap-4166939.html
2020-09-28 14:32:09,687|INFO|                  pipelines.py|                            process_item|  38| success index crawl data from https://vnexpress.net/covid-19-thay-doi-thi-hieu-bat-dong-san-4167009.html
2020-09-28 14:32:09,719|INFO|                  pipelines.py|                            process_item|  38| success index crawl data from https://vnexpress.net/luu-ngoai-o-at-vao-viet-nam-4166827.html
2020-09-28 14:32:09,768|INFO|                  pipelines.py|                            process_item|  38| success index crawl data from https://vnexpress.net/cho-phep-nhap-khau-phe-lieu-sat-thep-xi-lo-cao-lam-nguyen-lieu-4167459.html
2020-09-28 14:32:09,830|INFO|                  pipelines.py|                            process_item|  38| success index crawl data from https://vnexpress.net/thieu-tien-cho-cac-du-an-chuyen-doi-so-4167021.html
2020-09-28 14:32:09,877|INFO|                  pipelines.py|                            process_item|  38| success index crawl data from https://vnexpress.net/chung-khoan-viet-nam-co-the-cho-mot-nam-de-duoc-nang-hang-4167330.html
2020-09-28 14:32:09,940|INFO|                  pipelines.py|                            process_item|  38| success index crawl data from https://vnexpress.net/chung-khoan-my-gia-vang-cung-quay-dau-tang-4166974.html
2020-09-28 14:32:10,018|INFO|                  pipelines.py|                            process_item|  38| success index crawl data from https://vnexpress.net/kho-khan-bua-vay-nong-dan-my-4166722.html
2020-09-28 14:32:10,064|INFO|                  pipelines.py|                            process_item|  38| success index crawl data from https://vnexpress.net/ly-do-nhieu-ty-phu-my-cang-giau-them-nho-covid-19-4167826.html
2020-09-28 14:32:10,153|INFO|                  pipelines.py|                            process_item|  38| success index crawl data from https://vnexpress.net/gia-thue-van-phong-cao-nhat-66-usd-moi-m2-4167947.html
2020-09-28 14:32:10,185|INFO|                  pipelines.py|                            process_item|  38| success index crawl data from https://vnexpress.net/my-co-the-trung-phat-hang-san-xuat-chip-lon-nhat-trung-quoc-4167846.html
2020-09-28 14:32:10,231|INFO|                  pipelines.py|                            process_item|  38| success index crawl data from https://vnexpress.net/fan-bts-dua-nhau-mua-co-phieu-ung-ho-than-tuong-4167885.html
2020-09-28 14:32:10,311|INFO|                  pipelines.py|                            process_item|  38| success index crawl data from https://vnexpress.net/gia-vang-trong-nuoc-tang-tro-lai-4167083.html
2020-09-28 14:32:10,409|INFO|                  pipelines.py|                            process_item|  38| success index crawl data from https://vnexpress.net/nu-doc-than-lam-gi-voi-so-von-mot-ty-dong-4167849.html
2020-09-28 14:32:10,448|INFO|                  pipelines.py|                            process_item|  38| success index crawl data from https://vnexpress.net/ngan-sach-nhieu-dia-phuong-phu-thuoc-vao-doanh-nghiep-fdi-4167037.html
2020-09-28 14:32:10,479|INFO|                  pipelines.py|                            process_item|  38| success index crawl data from https://vnexpress.net/ong-nguyen-duc-chi-se-roi-ghe-chu-tich-hoi-dong-thanh-vien-scic-4167850.html
2020-09-28 14:32:10,542|INFO|                  pipelines.py|                            process_item|  38| success index crawl data from https://vnexpress.net/cach-cua-hang-giay-128-tuoi-ton-tai-trong-dai-dich-4167636.html
2020-09-28 14:32:10,573|INFO|                  pipelines.py|                            process_item|  38| success index crawl data from https://vnexpress.net/xuat-khau-muc-bach-tuoc-hoi-phuc-o-nhieu-thi-truong-chinh-4167838.html
2020-09-28 14:32:10,620|INFO|                  pipelines.py|                            process_item|  38| success index crawl data from https://vnexpress.net/quang-ninh-sap-co-khu-kinh-te-ven-bien-quang-yen-4167004.html
2020-09-28 14:32:10,665|INFO|                  pipelines.py|                            process_item|  38| success index crawl data from https://vnexpress.net/bo-truong-nguyen-manh-hung-muon-so-hoa-ngan-hang-phai-bot-ngai-doi-thu-4167778.html
2020-09-28 14:32:10,790|INFO|                  pipelines.py|                            process_item|  38| success index crawl data from https://vnexpress.net/giam-gia-dau-va-xang-e5-ron92-4167702.html
2020-09-28 14:32:10,884|INFO|                  pipelines.py|                            process_item|  38| success index crawl data from https://vnexpress.net/cang-10-000-ty-dong-tai-long-an-di-vao-hoat-dong-4167719.html
2020-09-28 14:32:10,946|INFO|                  pipelines.py|                            process_item|  38| success index crawl data from https://vnexpress.net/starbucks-kinh-doanh-nhu-the-nao-4167542.html
2020-09-28 14:32:11,024|INFO|                  pipelines.py|                            process_item|  38| success index crawl data from https://vnexpress.net/3-500-cong-ty-my-kien-chinh-quyen-trump-4167617.html
2020-09-28 14:32:11,071|INFO|                  pipelines.py|                            process_item|  38| success index crawl data from https://vnexpress.net/kiem-trieu-usd-tu-ung-dung-tim-nhan-tai-kieu-grab-4166572.html
2020-09-28 14:32:11,157|INFO|                  pipelines.py|                            process_item|  38| success index crawl data from https://vnexpress.net/5-bi-quyet-tieu-tien-cua-ty-phu-mark-cuban-4167447.html
2020-09-28 14:32:11,188|INFO|                  pipelines.py|                            process_item|  38| success index crawl data from https://vnexpress.net/pho-wall-co-chuoi-giam-diem-tuan-dai-nhat-hon-mot-nam-4167561.html
2020-09-28 14:32:11,251|INFO|                  pipelines.py|                            process_item|  38| success index crawl data from https://vnexpress.net/50-cay-vang-co-the-dau-tu-gi-luc-nay-4167555.html
2020-09-28 14:32:11,282|INFO|                  pipelines.py|                            process_item|  38| success index crawl data from https://vnexpress.net/chung-khoan-viet-nam-duoc-dinh-gia-thap-4167185.html
2020-09-28 14:32:11,357|INFO|                  pipelines.py|                            process_item|  38| success index crawl data from https://vnexpress.net/lao-nong-4-0-bay-cach-vuot-khung-hoang-4166883.html
2020-09-28 14:32:11,419|INFO|                  pipelines.py|                            process_item|  38| success index crawl data from https://vnexpress.net/vinamilk-ra-mat-sua-tuoi-tiet-trung-chua-to-yen-4166220.html
2020-09-28 14:32:11,482|INFO|                  pipelines.py|                            process_item|  38| success index crawl data from https://vnexpress.net/viet-nam-phai-canh-tranh-thu-hut-fdi-voi-cac-nuoc-4167377.html
2020-09-28 14:32:11,528|INFO|                  pipelines.py|                            process_item|  38| success index crawl data from https://vnexpress.net/gia-xang-ngay-mai-co-the-giam-tiep-4167106.html
2020-09-28 14:32:11,652|INFO|                  pipelines.py|                            process_item|  38| success index crawl data from https://vnexpress.net/doanh-nghiep-xuat-khau-sang-chau-my-chua-tan-dung-het-cac-fta-4167024.html
2020-09-28 14:32:11,711|INFO|                  pipelines.py|                            process_item|  38| success index crawl data from https://vnexpress.net/bong-dung-mac-no-ngan-hang-du-khong-vay-von-4166359.html
2020-09-28 14:32:11,772|INFO|                  pipelines.py|                            process_item|  38| success index crawl data from https://vnexpress.net/my-co-the-lap-lai-sai-lam-trong-khung-hoang-2009-4167117.html
2020-09-28 14:32:11,887|INFO|                  pipelines.py|                            process_item|  38| success index crawl data from https://vnexpress.net/giao-dich-dot-bien-tai-co-phieu-sacombank-4167366.html
2020-09-28 14:32:11,925|INFO|                  pipelines.py|                            process_item|  38| success index crawl data from https://vnexpress.net/gia-xang-dau-bien-dong-ra-sao-khi-thay-doi-cach-tinh-4166582.html
2020-09-28 14:32:12,003|INFO|                  pipelines.py|                            process_item|  38| success index crawl data from https://vnexpress.net/8-12-khu-cong-nghiep-hai-phong-khong-co-quyet-dinh-thanh-lap-4166939.html
2020-09-28 14:32:12,050|INFO|                  pipelines.py|                            process_item|  38| success index crawl data from https://vnexpress.net/covid-19-thay-doi-thi-hieu-bat-dong-san-4167009.html
2020-09-28 14:32:12,095|INFO|                  pipelines.py|                            process_item|  38| success index crawl data from https://vnexpress.net/luu-ngoai-o-at-vao-viet-nam-4166827.html
2020-09-28 14:32:12,202|INFO|                  pipelines.py|                            process_item|  38| success index crawl data from https://vnexpress.net/kho-khan-bua-vay-nong-dan-my-4166722.html
2020-09-28 14:32:12,327|INFO|                  pipelines.py|                            process_item|  38| success index crawl data from https://vnexpress.net/cho-phep-nhap-khau-phe-lieu-sat-thep-xi-lo-cao-lam-nguyen-lieu-4167459.html
2020-09-28 14:32:12,392|INFO|                  pipelines.py|                            process_item|  38| success index crawl data from https://vnexpress.net/chung-khoan-viet-nam-co-the-cho-mot-nam-de-duoc-nang-hang-4167330.html
2020-09-28 14:32:12,469|INFO|                  pipelines.py|                            process_item|  38| success index crawl data from https://vnexpress.net/thieu-tien-cho-cac-du-an-chuyen-doi-so-4167021.html
2020-09-28 14:32:12,600|INFO|                  pipelines.py|                            process_item|  38| success index crawl data from https://vnexpress.net/ngan-sach-nhieu-dia-phuong-phu-thuoc-vao-doanh-nghiep-fdi-4167037.html
2020-09-28 14:32:12,658|INFO|                  pipelines.py|                            process_item|  38| success index crawl data from https://vnexpress.net/quang-ninh-sap-co-khu-kinh-te-ven-bien-quang-yen-4167004.html
2020-09-28 14:32:12,796|INFO|                  pipelines.py|                            process_item|  38| success index crawl data from https://vnexpress.net/gia-vang-trong-nuoc-tang-tro-lai-4167083.html
2020-09-28 14:32:12,843|INFO|                  pipelines.py|                            process_item|  38| success index crawl data from https://vnexpress.net/chung-khoan-my-gia-vang-cung-quay-dau-tang-4166974.html
2020-09-28 14:32:12,890|INFO|                  pipelines.py|                            process_item|  38| success index crawl data from https://vnexpress.net/minh-vuong-le-thuy-tai-hop-4167997.html
2020-09-28 14:32:13,027|INFO|                  pipelines.py|                            process_item|  38| success index crawl data from https://vnexpress.net/huynh-nu-tap-yoga-cung-con-gai-4168002.html
2020-09-28 14:32:13,076|INFO|                  pipelines.py|                            process_item|  38| success index crawl data from https://vnexpress.net/james-cameron-lam-xong-avatar-2-4168164.html
2020-09-28 14:32:13,188|INFO|                  pipelines.py|                            process_item|  38| success index crawl data from https://vnexpress.net/vo-kit-harington-mang-thai-4168152.html
2020-09-28 14:32:13,250|INFO|                  pipelines.py|                            process_item|  38| success index crawl data from https://vnexpress.net/tai-tu-joker-don-con-dau-long-4168142.html
2020-09-28 14:32:13,313|INFO|                  pipelines.py|                            process_item|  38| success index crawl data from https://vnexpress.net/trieu-vy-bi-don-song-chung-voi-trai-tre-4167815.html
2020-09-28 14:32:13,418|INFO|                  pipelines.py|                            process_item|  38| success index crawl data from https://vnexpress.net/50-thuong-hieu-thoi-trang-giam-den-nua-gia-4167421.html
2020-09-28 14:32:13,513|INFO|                  pipelines.py|                            process_item|  38| success index crawl data from https://vnexpress.net/mai-thanh-dung-toi-giam-20-kg-de-giu-suc-khoe-4166740.html
2020-09-28 14:32:13,575|INFO|                  pipelines.py|                            process_item|  38| success index crawl data from https://vnexpress.net/tu-du-thai-hau-doat-giai-sach-hay-2020-4167980.html
2020-09-28 14:32:13,763|INFO|                  pipelines.py|                            process_item|  38| success index crawl data from https://vnexpress.net/minh-tinh-nhat-ban-qua-doi-o-tuoi-40-4167968.html
2020-09-28 14:32:13,888|INFO|                  pipelines.py|                            process_item|  38| success index crawl data from https://vnexpress.net/thi-sinh-17-tuoi-bi-loai-o-rap-viet-4167900.html
2020-09-28 14:32:13,966|INFO|                  pipelines.py|                            process_item|  38| success index crawl data from https://vnexpress.net/tung-duong-tuong-nho-nhac-si-pho-duc-phuong-4167909.html
2020-09-28 14:32:14,028|INFO|                  pipelines.py|                            process_item|  38| success index crawl data from https://vnexpress.net/emma-stone-cuoi-4167898.html
2020-09-28 14:32:14,060|INFO|                  pipelines.py|                            process_item|  38| success index crawl data from https://vnexpress.net/ban-trai-khong-biet-bi-demi-lovato-bo-4167890.html
2020-09-28 14:32:14,204|INFO|                  pipelines.py|                            process_item|  38| success index crawl data from https://vnexpress.net/vo-kit-harington-mang-thai-4168152.html
2020-09-28 14:32:14,251|INFO|                  pipelines.py|                            process_item|  38| success index crawl data from https://vnexpress.net/tai-tu-joker-don-con-dau-long-4168142.html
2020-09-28 14:32:14,315|INFO|                  pipelines.py|                            process_item|  38| success index crawl data from https://vnexpress.net/50-thuong-hieu-thoi-trang-giam-den-nua-gia-4167421.html
2020-09-28 14:32:14,346|INFO|                  pipelines.py|                            process_item|  38| success index crawl data from https://vnexpress.net/trieu-vy-bi-don-song-chung-voi-trai-tre-4167815.html
2020-09-28 14:32:14,440|INFO|                  pipelines.py|                            process_item|  38| success index crawl data from https://vnexpress.net/mai-thanh-dung-toi-giam-20-kg-de-giu-suc-khoe-4166740.html
2020-09-28 14:32:14,502|INFO|                  pipelines.py|                            process_item|  38| success index crawl data from https://vnexpress.net/tu-du-thai-hau-doat-giai-sach-hay-2020-4167980.html
2020-09-28 14:32:14,752|INFO|                  pipelines.py|                            process_item|  38| success index crawl data from https://vnexpress.net/minh-tinh-nhat-ban-qua-doi-o-tuoi-40-4167968.html
2020-09-28 14:32:14,941|INFO|                  pipelines.py|                            process_item|  38| success index crawl data from https://vnexpress.net/thi-sinh-17-tuoi-bi-loai-o-rap-viet-4167900.html
2020-09-28 14:32:14,981|INFO|                  pipelines.py|                            process_item|  38| success index crawl data from https://vnexpress.net/tung-duong-tuong-nho-nhac-si-pho-duc-phuong-4167909.html
2020-09-28 14:32:15,012|INFO|                  pipelines.py|                            process_item|  38| success index crawl data from https://vnexpress.net/ban-trai-khong-biet-bi-demi-lovato-bo-4167890.html
2020-09-28 14:32:15,043|INFO|                  pipelines.py|                            process_item|  38| success index crawl data from https://vnexpress.net/emma-stone-cuoi-4167898.html
